2021-10-02 17:24:54,763 INFO  [Mousefunction] Log error in file 
2021-10-02 17:24:54,763 INFO  [Mousefunction] Edond point 
2021-10-02 17:24:54,763 FATAL [Mousefunction] fatal messsage 
2021-10-02 17:27:45,672 INFO  [Mousefunction] Log error in file 
2021-10-02 17:27:45,672 INFO  [Mousefunction] Edond point 
2021-10-02 17:27:45,672 FATAL [Mousefunction] fatal messsage 
2021-10-02 23:42:40,196 INFO  [Mousefunction] Log error in file 
2021-10-02 23:42:40,197 INFO  [Mousefunction] Edond point 
2021-10-02 23:42:40,197 FATAL [Mousefunction] fatal messsage 
2021-11-05 12:15:18,935 INFO  [Mousefunction] Log error in file 
2021-11-05 12:15:18,935 INFO  [Mousefunction] Edond point 
2021-11-05 12:15:18,935 FATAL [Mousefunction] fatal messsage 
2021-11-05 12:20:25,266 INFO  [Mousefunction] Log error in file 
2021-11-05 12:20:25,266 INFO  [Mousefunction] Edond point 
2021-11-05 12:20:25,266 FATAL [Mousefunction] fatal messsage 
2021-11-27 11:24:26,332 INFO  [Mousefunction] Starting the Program 
2021-11-27 11:24:26,549 INFO  [Mousefunction] Endd of Program 
2021-11-27 11:24:26,688 INFO  [Mousefunction] Starting the Program 
2021-11-27 12:07:19,236 INFO  [Mousefunction] Starting the Program 
2021-11-27 12:07:27,448 INFO  [Mousefunction] Endd of Program 
2021-11-27 12:08:36,092 INFO  [Mousefunction] Starting the Program 
2021-11-27 12:08:44,314 INFO  [Mousefunction] Endd of Program 
2021-11-27 12:08:44,475 INFO  [Mousefunction] Starting the Program 
2021-11-27 12:11:33,544 INFO  [Mousefunction] Starting the Program 
2021-11-27 12:11:41,765 INFO  [Mousefunction] Endd of Program 
2021-11-27 12:11:41,907 INFO  [Mousefunction] Starting the Program 
2021-11-27 12:13:15,191 INFO  [Mousefunction] Starting the Program 
2022-01-12 14:24:57,652 INFO  [Mousefunction] Starting the Program 
